Pig Stack Trace
---------------
ERROR 1200: Pig script failed to parse: 
<line 9, column 14> Undefined alias: logs

Failed to parse: Pig script failed to parse: 
<line 9, column 14> Undefined alias: logs
	at org.apache.pig.parser.QueryParserDriver.parse(QueryParserDriver.java:191)
	at org.apache.pig.PigServer$Graph.validateQuery(PigServer.java:1571)
	at org.apache.pig.PigServer$Graph.registerQuery(PigServer.java:1544)
	at org.apache.pig.PigServer.registerQuery(PigServer.java:516)
	at org.apache.pig.tools.grunt.GruntParser.processPig(GruntParser.java:991)
	at org.apache.pig.tools.pigscript.parser.PigScriptParser.parse(PigScriptParser.java:412)
	at org.apache.pig.tools.grunt.GruntParser.parseStopOnError(GruntParser.java:194)
	at org.apache.pig.tools.grunt.GruntParser.parseStopOnError(GruntParser.java:170)
	at org.apache.pig.tools.grunt.Grunt.run(Grunt.java:69)
	at org.apache.pig.Main.run(Main.java:538)
	at org.apache.pig.Main.main(Main.java:157)
	at sun.reflect.NativeMethodAccessorImpl.invoke0(Native Method)
	at sun.reflect.NativeMethodAccessorImpl.invoke(NativeMethodAccessorImpl.java:57)
	at sun.reflect.DelegatingMethodAccessorImpl.invoke(DelegatingMethodAccessorImpl.java:43)
	at java.lang.reflect.Method.invoke(Method.java:622)
	at org.apache.hadoop.util.RunJar.main(RunJar.java:160)
Caused by: 
<line 9, column 14> Undefined alias: logs
	at org.apache.pig.parser.AstValidator.validateAliasRef(AstValidator.java:256)
	at org.apache.pig.parser.AstValidator.rel(AstValidator.java:6029)
	at org.apache.pig.parser.AstValidator.foreach_clause(AstValidator.java:12380)
	at org.apache.pig.parser.AstValidator.op_clause(AstValidator.java:1541)
	at org.apache.pig.parser.AstValidator.general_statement(AstValidator.java:729)
	at org.apache.pig.parser.AstValidator.statement(AstValidator.java:448)
	at org.apache.pig.parser.AstValidator.query(AstValidator.java:336)
	at org.apache.pig.parser.QueryParserDriver.validateAst(QueryParserDriver.java:249)
	at org.apache.pig.parser.QueryParserDriver.parse(QueryParserDriver.java:181)
	... 15 more
================================================================================
Pig Stack Trace
---------------
ERROR 1200: Pig script failed to parse: 
<line 10, column 29> Undefined alias: log

Failed to parse: Pig script failed to parse: 
<line 10, column 29> Undefined alias: log
	at org.apache.pig.parser.QueryParserDriver.parse(QueryParserDriver.java:191)
	at org.apache.pig.PigServer$Graph.validateQuery(PigServer.java:1571)
	at org.apache.pig.PigServer$Graph.registerQuery(PigServer.java:1544)
	at org.apache.pig.PigServer.registerQuery(PigServer.java:516)
	at org.apache.pig.tools.grunt.GruntParser.processPig(GruntParser.java:991)
	at org.apache.pig.tools.pigscript.parser.PigScriptParser.parse(PigScriptParser.java:412)
	at org.apache.pig.tools.grunt.GruntParser.parseStopOnError(GruntParser.java:194)
	at org.apache.pig.tools.grunt.GruntParser.parseStopOnError(GruntParser.java:170)
	at org.apache.pig.tools.grunt.Grunt.run(Grunt.java:69)
	at org.apache.pig.Main.run(Main.java:538)
	at org.apache.pig.Main.main(Main.java:157)
	at sun.reflect.NativeMethodAccessorImpl.invoke0(Native Method)
	at sun.reflect.NativeMethodAccessorImpl.invoke(NativeMethodAccessorImpl.java:57)
	at sun.reflect.DelegatingMethodAccessorImpl.invoke(DelegatingMethodAccessorImpl.java:43)
	at java.lang.reflect.Method.invoke(Method.java:622)
	at org.apache.hadoop.util.RunJar.main(RunJar.java:160)
Caused by: 
<line 10, column 29> Undefined alias: log
	at org.apache.pig.parser.AstValidator.validateAliasRef(AstValidator.java:256)
	at org.apache.pig.parser.AstValidator.rel(AstValidator.java:6029)
	at org.apache.pig.parser.AstValidator.group_item(AstValidator.java:5804)
	at org.apache.pig.parser.AstValidator.group_clause(AstValidator.java:5591)
	at org.apache.pig.parser.AstValidator.op_clause(AstValidator.java:1261)
	at org.apache.pig.parser.AstValidator.general_statement(AstValidator.java:729)
	at org.apache.pig.parser.AstValidator.statement(AstValidator.java:448)
	at org.apache.pig.parser.AstValidator.query(AstValidator.java:336)
	at org.apache.pig.parser.QueryParserDriver.validateAst(QueryParserDriver.java:249)
	at org.apache.pig.parser.QueryParserDriver.parse(QueryParserDriver.java:181)
	... 15 more
================================================================================
Pig Stack Trace
---------------
ERROR 1200: Pig script failed to parse: 
<line 18, column 14> Undefined alias: logs

Failed to parse: Pig script failed to parse: 
<line 18, column 14> Undefined alias: logs
	at org.apache.pig.parser.QueryParserDriver.parse(QueryParserDriver.java:191)
	at org.apache.pig.PigServer$Graph.validateQuery(PigServer.java:1571)
	at org.apache.pig.PigServer$Graph.registerQuery(PigServer.java:1544)
	at org.apache.pig.PigServer.registerQuery(PigServer.java:516)
	at org.apache.pig.tools.grunt.GruntParser.processPig(GruntParser.java:991)
	at org.apache.pig.tools.pigscript.parser.PigScriptParser.parse(PigScriptParser.java:412)
	at org.apache.pig.tools.grunt.GruntParser.parseStopOnError(GruntParser.java:194)
	at org.apache.pig.tools.grunt.GruntParser.parseStopOnError(GruntParser.java:170)
	at org.apache.pig.tools.grunt.Grunt.run(Grunt.java:69)
	at org.apache.pig.Main.run(Main.java:538)
	at org.apache.pig.Main.main(Main.java:157)
	at sun.reflect.NativeMethodAccessorImpl.invoke0(Native Method)
	at sun.reflect.NativeMethodAccessorImpl.invoke(NativeMethodAccessorImpl.java:57)
	at sun.reflect.DelegatingMethodAccessorImpl.invoke(DelegatingMethodAccessorImpl.java:43)
	at java.lang.reflect.Method.invoke(Method.java:622)
	at org.apache.hadoop.util.RunJar.main(RunJar.java:160)
Caused by: 
<line 18, column 14> Undefined alias: logs
	at org.apache.pig.parser.AstValidator.validateAliasRef(AstValidator.java:256)
	at org.apache.pig.parser.AstValidator.rel(AstValidator.java:6029)
	at org.apache.pig.parser.AstValidator.foreach_clause(AstValidator.java:12380)
	at org.apache.pig.parser.AstValidator.op_clause(AstValidator.java:1541)
	at org.apache.pig.parser.AstValidator.general_statement(AstValidator.java:729)
	at org.apache.pig.parser.AstValidator.statement(AstValidator.java:448)
	at org.apache.pig.parser.AstValidator.query(AstValidator.java:336)
	at org.apache.pig.parser.QueryParserDriver.validateAst(QueryParserDriver.java:249)
	at org.apache.pig.parser.QueryParserDriver.parse(QueryParserDriver.java:181)
	... 15 more
================================================================================
Pig Stack Trace
---------------
ERROR 1200: Pig script failed to parse: 
<line 26, column 59> Undefined alias: log

Failed to parse: Pig script failed to parse: 
<line 26, column 59> Undefined alias: log
	at org.apache.pig.parser.QueryParserDriver.parse(QueryParserDriver.java:191)
	at org.apache.pig.PigServer$Graph.validateQuery(PigServer.java:1571)
	at org.apache.pig.PigServer$Graph.registerQuery(PigServer.java:1544)
	at org.apache.pig.PigServer.registerQuery(PigServer.java:516)
	at org.apache.pig.tools.grunt.GruntParser.processPig(GruntParser.java:991)
	at org.apache.pig.tools.pigscript.parser.PigScriptParser.parse(PigScriptParser.java:412)
	at org.apache.pig.tools.grunt.GruntParser.parseStopOnError(GruntParser.java:194)
	at org.apache.pig.tools.grunt.GruntParser.parseStopOnError(GruntParser.java:170)
	at org.apache.pig.tools.grunt.Grunt.run(Grunt.java:69)
	at org.apache.pig.Main.run(Main.java:538)
	at org.apache.pig.Main.main(Main.java:157)
	at sun.reflect.NativeMethodAccessorImpl.invoke0(Native Method)
	at sun.reflect.NativeMethodAccessorImpl.invoke(NativeMethodAccessorImpl.java:57)
	at sun.reflect.DelegatingMethodAccessorImpl.invoke(DelegatingMethodAccessorImpl.java:43)
	at java.lang.reflect.Method.invoke(Method.java:622)
	at org.apache.hadoop.util.RunJar.main(RunJar.java:160)
Caused by: 
<line 26, column 59> Undefined alias: log
	at org.apache.pig.parser.LogicalPlanGenerator.alias_col_ref(LogicalPlanGenerator.java:17207)
	at org.apache.pig.parser.LogicalPlanGenerator.col_ref(LogicalPlanGenerator.java:17022)
	at org.apache.pig.parser.LogicalPlanGenerator.projectable_expr(LogicalPlanGenerator.java:9950)
	at org.apache.pig.parser.LogicalPlanGenerator.var_expr(LogicalPlanGenerator.java:9700)
	at org.apache.pig.parser.LogicalPlanGenerator.expr(LogicalPlanGenerator.java:9051)
	at org.apache.pig.parser.LogicalPlanGenerator.real_arg(LogicalPlanGenerator.java:8509)
	at org.apache.pig.parser.LogicalPlanGenerator.func_eval(LogicalPlanGenerator.java:8352)
	at org.apache.pig.parser.LogicalPlanGenerator.projectable_expr(LogicalPlanGenerator.java:9926)
	at org.apache.pig.parser.LogicalPlanGenerator.var_expr(LogicalPlanGenerator.java:9700)
	at org.apache.pig.parser.LogicalPlanGenerator.expr(LogicalPlanGenerator.java:9051)
	at org.apache.pig.parser.LogicalPlanGenerator.flatten_generated_item(LogicalPlanGenerator.java:6973)
	at org.apache.pig.parser.LogicalPlanGenerator.generate_clause(LogicalPlanGenerator.java:15920)
	at org.apache.pig.parser.LogicalPlanGenerator.foreach_plan(LogicalPlanGenerator.java:14312)
	at org.apache.pig.parser.LogicalPlanGenerator.foreach_clause(LogicalPlanGenerator.java:14179)
	at org.apache.pig.parser.LogicalPlanGenerator.op_clause(LogicalPlanGenerator.java:1623)
	at org.apache.pig.parser.LogicalPlanGenerator.general_statement(LogicalPlanGenerator.java:799)
	at org.apache.pig.parser.LogicalPlanGenerator.statement(LogicalPlanGenerator.java:517)
	at org.apache.pig.parser.LogicalPlanGenerator.query(LogicalPlanGenerator.java:392)
	at org.apache.pig.parser.QueryParserDriver.parse(QueryParserDriver.java:184)
	... 15 more
================================================================================
Pig Stack Trace
---------------
ERROR 1200: Pig script failed to parse: 
<line 27, column 29> Undefined alias: log

Failed to parse: Pig script failed to parse: 
<line 27, column 29> Undefined alias: log
	at org.apache.pig.parser.QueryParserDriver.parse(QueryParserDriver.java:191)
	at org.apache.pig.PigServer$Graph.validateQuery(PigServer.java:1571)
	at org.apache.pig.PigServer$Graph.registerQuery(PigServer.java:1544)
	at org.apache.pig.PigServer.registerQuery(PigServer.java:516)
	at org.apache.pig.tools.grunt.GruntParser.processPig(GruntParser.java:991)
	at org.apache.pig.tools.pigscript.parser.PigScriptParser.parse(PigScriptParser.java:412)
	at org.apache.pig.tools.grunt.GruntParser.parseStopOnError(GruntParser.java:194)
	at org.apache.pig.tools.grunt.GruntParser.parseStopOnError(GruntParser.java:170)
	at org.apache.pig.tools.grunt.Grunt.run(Grunt.java:69)
	at org.apache.pig.Main.run(Main.java:538)
	at org.apache.pig.Main.main(Main.java:157)
	at sun.reflect.NativeMethodAccessorImpl.invoke0(Native Method)
	at sun.reflect.NativeMethodAccessorImpl.invoke(NativeMethodAccessorImpl.java:57)
	at sun.reflect.DelegatingMethodAccessorImpl.invoke(DelegatingMethodAccessorImpl.java:43)
	at java.lang.reflect.Method.invoke(Method.java:622)
	at org.apache.hadoop.util.RunJar.main(RunJar.java:160)
Caused by: 
<line 27, column 29> Undefined alias: log
	at org.apache.pig.parser.AstValidator.validateAliasRef(AstValidator.java:256)
	at org.apache.pig.parser.AstValidator.rel(AstValidator.java:6029)
	at org.apache.pig.parser.AstValidator.group_item(AstValidator.java:5804)
	at org.apache.pig.parser.AstValidator.group_clause(AstValidator.java:5591)
	at org.apache.pig.parser.AstValidator.op_clause(AstValidator.java:1261)
	at org.apache.pig.parser.AstValidator.general_statement(AstValidator.java:729)
	at org.apache.pig.parser.AstValidator.statement(AstValidator.java:448)
	at org.apache.pig.parser.AstValidator.query(AstValidator.java:336)
	at org.apache.pig.parser.QueryParserDriver.validateAst(QueryParserDriver.java:249)
	at org.apache.pig.parser.QueryParserDriver.parse(QueryParserDriver.java:181)
	... 15 more
================================================================================
